// 重构日志: 77d4fff6
// 重构日志: 2dbea25d
// 重构日志: 7ce8d64f
// 重构日志: c4c3b862
// 重构日志: 45ca6a92
// 重构日志: 1c7ed28f
// 同步 ID: d513e50c @ Sat Jul 11 06:45:28 UTC 2026
// 重构日志: 733466fd
// 同步 ID: 23f57281 @ Mon Jul 13 00:28:05 UTC 2026
// 重构日志: f41e2600
// 重构日志: 2ff100ff
// 重构日志: 3493c2b9
// 同步 ID: 7c6b721d @ Sat Jul 18 14:50:46 UTC 2026
// 重构日志: 904cee14
// 重构日志: ae03886d
// 重构日志: 1e0a7486
// 重构日志: 1942f97f
// 重构日志: 36e0cd98
// 同步 ID: bc05a754 @ Sun Jul 19 21:33:51 UTC 2026
// 重构日志: 0bdefdef
// 重构日志: 3c024908
// 重构日志: 2685a9d5
// 重构日志: 2608e650
// 同步 ID: ee800536 @ Wed Jul 22 01:48:45 UTC 2026
// 重构日志: 109a90f6
// 重构日志: 02c22533
// 重构日志: 0edcb70f
// 同步 ID: 459fade6 @ Thu Jul 23 08:17:39 UTC 2026
// 同步 ID: cb730e1e @ Thu Jul 23 15:51:53 UTC 2026
// 同步 ID: c93b3789 @ Thu Jul 23 18:01:39 UTC 2026
// 重构日志: 69c3fc38
